<?xml version="1.0" encoding="UTF-8"?>
<testsuite name="com.moodanalyser.Test.MoodAnalyserTest" tests="10" skipped="0" failures="1" errors="0" timestamp="2020-03-26T09:09:26" hostname="DESKTOP-NK2QSNJ" time="0.021">
  <properties/>
  <testcase name="whenMood_IsEmpty_ShouldReturn_CustomException_WithExceptionType" classname="com.moodanalyser.Test.MoodAnalyserTest" time="0.006"/>
  <testcase name="whenMood_ClassIsNotAvailable_ShouldReturn_CustomException_WithNoSuchMETHOD" classname="com.moodanalyser.Test.MoodAnalyserTest" time="0.003"/>
  <testcase name="whenMood_IsNull_ShouldReturn_CustomException" classname="com.moodanalyser.Test.MoodAnalyserTest" time="0.001"/>
  <testcase name="whenMood_IsNull_ShouldReturnHappy" classname="com.moodanalyser.Test.MoodAnalyserTest" time="0.0"/>
  <testcase name="whenIn_AnyMood_ShouldReturnHappy" classname="com.moodanalyser.Test.MoodAnalyserTest" time="0.001"/>
  <testcase name="whenMood_IsSad_ShouldReturnSad" classname="com.moodanalyser.Test.MoodAnalyserTest" time="0.0"/>
  <testcase name="givenMoodAnalyser_onChangeMood_ShouldReturnHappy" classname="com.moodanalyser.Test.MoodAnalyserTest" time="0.002"/>
  <testcase name="givenHappyMessage_WithReflection_InCorrectMethod_ShouldReturn_NoSuchMethodError" classname="com.moodanalyser.Test.MoodAnalyserTest" time="0.0"/>
  <testcase name="whenMood_ConstructorIsNotValid_ShouldReturn_CustomException_WithNoSuchCLASS" classname="com.moodanalyser.Test.MoodAnalyserTest" time="0.005">
    <failure message="org.junit.ComparisonFailure: expected:&lt;NO_SUCH_[CLASS]&gt; but was:&lt;NO_SUCH_[METHOD_ERROR]&gt;" type="org.junit.ComparisonFailure">org.junit.ComparisonFailure: expected:&lt;NO_SUCH_[CLASS]&gt; but was:&lt;NO_SUCH_[METHOD_ERROR]&gt;
	at org.junit.Assert.assertEquals(Assert.java:115)
	at org.junit.Assert.assertEquals(Assert.java:144)
	at com.moodanalyser.Test.MoodAnalyserTest.whenMood_ConstructorIsNotValid_ShouldReturn_CustomException_WithNoSuchCLASS(MoodAnalyserTest.java:92)
	at sun.reflect.NativeMethodAccessorImpl.invoke0(Native Method)
	at sun.reflect.NativeMethodAccessorImpl.invoke(NativeMethodAccessorImpl.java:62)
	at sun.reflect.DelegatingMethodAccessorImpl.invoke(DelegatingMethodAccessorImpl.java:43)
	at java.lang.reflect.Method.invoke(Method.java:498)
	at org.junit.runners.model.FrameworkMethod$1.runReflectiveCall(FrameworkMethod.java:50)
	at org.junit.internal.runners.model.ReflectiveCallable.run(ReflectiveCallable.java:12)
	at org.junit.runners.model.FrameworkMethod.invokeExplosively(FrameworkMethod.java:47)
	at org.junit.internal.runners.statements.InvokeMethod.evaluate(InvokeMethod.java:17)
	at org.junit.runners.ParentRunner.runLeaf(ParentRunner.java:325)
	at org.junit.runners.BlockJUnit4ClassRunner.runChild(BlockJUnit4ClassRunner.java:78)
	at org.junit.runners.BlockJUnit4ClassRunner.runChild(BlockJUnit4ClassRunner.java:57)
	at org.junit.runners.ParentRunner$3.run(ParentRunner.java:290)
	at org.junit.runners.ParentRunner$1.schedule(ParentRunner.java:71)
	at org.junit.runners.ParentRunner.runChildren(ParentRunner.java:288)
	at org.junit.runners.ParentRunner.access$000(ParentRunner.java:58)
	at org.junit.runners.ParentRunner$2.evaluate(ParentRunner.java:268)
	at org.junit.runners.ParentRunner.run(ParentRunner.java:363)
	at org.gradle.api.internal.tasks.testing.junit.JUnitTestClassExecutor.runTestClass(JUnitTestClassExecutor.java:110)
	at org.gradle.api.internal.tasks.testing.junit.JUnitTestClassExecutor.execute(JUnitTestClassExecutor.java:58)
	at org.gradle.api.internal.tasks.testing.junit.JUnitTestClassExecutor.execute(JUnitTestClassExecutor.java:38)
	at org.gradle.api.internal.tasks.testing.junit.AbstractJUnitTestClassProcessor.processTestClass(AbstractJUnitTestClassProcessor.java:62)
	at org.gradle.api.internal.tasks.testing.SuiteTestClassProcessor.processTestClass(SuiteTestClassProcessor.java:51)
	at sun.reflect.NativeMethodAccessorImpl.invoke0(Native Method)
	at sun.reflect.NativeMethodAccessorImpl.invoke(NativeMethodAccessorImpl.java:62)
	at sun.reflect.DelegatingMethodAccessorImpl.invoke(DelegatingMethodAccessorImpl.java:43)
	at java.lang.reflect.Method.invoke(Method.java:498)
	at org.gradle.internal.dispatch.ReflectionDispatch.dispatch(ReflectionDispatch.java:35)
	at org.gradle.internal.dispatch.ReflectionDispatch.dispatch(ReflectionDispatch.java:24)
	at org.gradle.internal.dispatch.ContextClassLoaderDispatch.dispatch(ContextClassLoaderDispatch.java:32)
	at org.gradle.internal.dispatch.ProxyDispatchAdapter$DispatchingInvocationHandler.invoke(ProxyDispatchAdapter.java:93)
	at com.sun.proxy.$Proxy2.processTestClass(Unknown Source)
	at org.gradle.api.internal.tasks.testing.worker.TestWorker.processTestClass(TestWorker.java:118)
	at sun.reflect.NativeMethodAccessorImpl.invoke0(Native Method)
	at sun.reflect.NativeMethodAccessorImpl.invoke(NativeMethodAccessorImpl.java:62)
	at sun.reflect.DelegatingMethodAccessorImpl.invoke(DelegatingMethodAccessorImpl.java:43)
	at java.lang.reflect.Method.invoke(Method.java:498)
	at org.gradle.internal.dispatch.ReflectionDispatch.dispatch(ReflectionDispatch.java:35)
	at org.gradle.internal.dispatch.ReflectionDispatch.dispatch(ReflectionDispatch.java:24)
	at org.gradle.internal.remote.internal.hub.MessageHubBackedObjectConnection$DispatchWrapper.dispatch(MessageHubBackedObjectConnection.java:175)
	at org.gradle.internal.remote.internal.hub.MessageHubBackedObjectConnection$DispatchWrapper.dispatch(MessageHubBackedObjectConnection.java:157)
	at org.gradle.internal.remote.internal.hub.MessageHub$Handler.run(MessageHub.java:404)
	at org.gradle.internal.concurrent.ExecutorPolicy$CatchAndRecordFailures.onExecute(ExecutorPolicy.java:63)
	at org.gradle.internal.concurrent.ManagedExecutorImpl$1.run(ManagedExecutorImpl.java:46)
	at java.util.concurrent.ThreadPoolExecutor.runWorker(ThreadPoolExecutor.java:1149)
	at java.util.concurrent.ThreadPoolExecutor$Worker.run(ThreadPoolExecutor.java:624)
	at org.gradle.internal.concurrent.ThreadFactoryImpl$ManagedThreadRunnable.run(ThreadFactoryImpl.java:55)
	at java.lang.Thread.run(Thread.java:748)
</failure>
  </testcase>
  <testcase name="whenMood_IsNull_ShouldReturn_CustomException_WithExceptionType" classname="com.moodanalyser.Test.MoodAnalyserTest" time="0.001"/>
  <system-out><![CDATA[]]></system-out>
  <system-err><![CDATA[]]></system-err>
</testsuite>
